<?xml version="1.0" encoding="UTF-8"?>
<testng-results ignored="0" total="2" passed="2" failed="0" skipped="0">
  <reporter-output>
  </reporter-output>
  <suite started-at="2025-07-19T13:21:19 IST" name="SeleniumSuite" finished-at="2025-07-19T13:22:40 IST" duration-ms="80831">
    <groups>
    </groups>
    <test started-at="2025-07-19T13:21:19 IST" name="AmazonAddToCartTest" finished-at="2025-07-19T13:22:03 IST" duration-ms="44112">
      <class name="com.selenium.test.tests.AmazonAddToCartTest">
        <test-method is-config="true" signature="setUp()[pri:0, instance:com.selenium.test.tests.AmazonAddToCartTest@12e61fe6]" started-at="2025-07-19T13:21:19 IST" name="setUp" finished-at="2025-07-19T13:21:22 IST" duration-ms="2448" status="PASS">
          <reporter-output>
          </reporter-output>
        </test-method> <!-- setUp -->
        <test-method signature="testAddRedmiNote20ProToCart()[pri:0, instance:com.selenium.test.tests.AmazonAddToCartTest@12e61fe6]" started-at="2025-07-19T13:21:22 IST" name="testAddRedmiNote20ProToCart" finished-at="2025-07-19T13:22:03 IST" duration-ms="41425" status="PASS">
          <reporter-output>
          </reporter-output>
        </test-method> <!-- testAddRedmiNote20ProToCart -->
        <test-method is-config="true" signature="tearDown()[pri:0, instance:com.selenium.test.tests.AmazonAddToCartTest@12e61fe6]" started-at="2025-07-19T13:22:03 IST" name="tearDown" finished-at="2025-07-19T13:22:03 IST" duration-ms="218" status="PASS">
          <reporter-output>
          </reporter-output>
        </test-method> <!-- tearDown -->
      </class> <!-- com.selenium.test.tests.AmazonAddToCartTest -->
    </test> <!-- AmazonAddToCartTest -->
    <test started-at="2025-07-19T13:22:03 IST" name="TestAutomationPracticePageTest" finished-at="2025-07-19T13:22:40 IST" duration-ms="36683">
      <class name="com.selenium.test.tests.TestAutomationPracticePageTest">
        <test-method is-config="true" signature="setUp()[pri:0, instance:com.selenium.test.tests.TestAutomationPracticePageTest@29626d54]" started-at="2025-07-19T13:22:03 IST" name="setUp" finished-at="2025-07-19T13:22:06 IST" duration-ms="2477" status="PASS">
          <reporter-output>
          </reporter-output>
        </test-method> <!-- setUp -->
        <test-method signature="testFillAllTextBoxes()[pri:0, instance:com.selenium.test.tests.TestAutomationPracticePageTest@29626d54]" started-at="2025-07-19T13:22:06 IST" name="testFillAllTextBoxes" finished-at="2025-07-19T13:22:40 IST" duration-ms="34089" status="PASS">
          <reporter-output>
          </reporter-output>
        </test-method> <!-- testFillAllTextBoxes -->
        <test-method is-config="true" signature="tearDown()[pri:0, instance:com.selenium.test.tests.TestAutomationPracticePageTest@29626d54]" started-at="2025-07-19T13:22:40 IST" name="tearDown" finished-at="2025-07-19T13:22:40 IST" duration-ms="114" status="PASS">
          <reporter-output>
          </reporter-output>
        </test-method> <!-- tearDown -->
      </class> <!-- com.selenium.test.tests.TestAutomationPracticePageTest -->
    </test> <!-- TestAutomationPracticePageTest -->
  </suite> <!-- SeleniumSuite -->
</testng-results>
